The system is: Darwin - 21.1.0 - x86_64
Compiling the C compiler identification source file "CMakeCCompilerId.c" succeeded.
Compiler: /Users/dodo/anaconda3/bin/x86_64-apple-darwin13.4.0-clang 
Build flags: -march=core2;-mtune=haswell;-mssse3;-ftree-vectorize;-fPIC;-fPIE;-fstack-protector-strong;-O2;-pipe;-isystem;/Users/dodo/anaconda3/include
Id flags: -c 

The output was:
0


Compilation of the C compiler identification source "CMakeCCompilerId.c" produced "CMakeCCompilerId.o"

The C compiler identification is Clang, found in "/Users/dodo/downloads/Self_Driving_Car_ND/workspace/CMakeFiles/3.20.4/CompilerIdC/CMakeCCompilerId.o"

Compiling the CXX compiler identification source file "CMakeCXXCompilerId.cpp" succeeded.
Compiler: /Users/dodo/anaconda3/bin/x86_64-apple-darwin13.4.0-clang++ 
Build flags: -march=core2;-mtune=haswell;-mssse3;-ftree-vectorize;-fPIC;-fPIE;-fstack-protector-strong;-O2;-pipe;-stdlib=libc++;-fvisibility-inlines-hidden;-std=c++14;-fmessage-length=0;-isystem;/Users/dodo/anaconda3/include
Id flags: -c 

The output was:
0


Compilation of the CXX compiler identification source "CMakeCXXCompilerId.cpp" produced "CMakeCXXCompilerId.o"

The CXX compiler identification is Clang, found in "/Users/dodo/downloads/Self_Driving_Car_ND/workspace/CMakeFiles/3.20.4/CompilerIdCXX/CMakeCXXCompilerId.o"

Compiling the C compiler identification source file "CMakeCCompilerId.c" succeeded.
Compiler: /Users/dodo/anaconda3/bin/x86_64-apple-darwin13.4.0-clang 
Build flags: -march=core2;-mtune=haswell;-mssse3;-ftree-vectorize;-fPIC;-fPIE;-fstack-protector-strong;-O2;-pipe;-isystem;/Users/dodo/anaconda3/include
Id flags: -c 

The output was:
0


Compilation of the C compiler identification source "CMakeCCompilerId.c" produced "CMakeCCompilerId.o"

The C compiler identification is Clang, found in "/Users/dodo/downloads/Self_Driving_Car_ND/workspace/CMakeFiles/3.20.4/CompilerIdC/CMakeCCompilerId.o"

Compiling the CXX compiler identification source file "CMakeCXXCompilerId.cpp" succeeded.
Compiler: /Users/dodo/anaconda3/bin/x86_64-apple-darwin13.4.0-clang++ 
Build flags: -march=core2;-mtune=haswell;-mssse3;-ftree-vectorize;-fPIC;-fPIE;-fstack-protector-strong;-O2;-pipe;-stdlib=libc++;-fvisibility-inlines-hidden;-std=c++14;-fmessage-length=0;-isystem;/Users/dodo/anaconda3/include
Id flags: -c 

The output was:
0


Compilation of the CXX compiler identification source "CMakeCXXCompilerId.cpp" produced "CMakeCXXCompilerId.o"

The CXX compiler identification is Clang, found in "/Users/dodo/downloads/Self_Driving_Car_ND/workspace/CMakeFiles/3.20.4/CompilerIdCXX/CMakeCXXCompilerId.o"

Compiling the C compiler identification source file "CMakeCCompilerId.c" succeeded.
Compiler: /Users/dodo/anaconda3/bin/x86_64-apple-darwin13.4.0-clang 
Build flags: -march=core2;-mtune=haswell;-mssse3;-ftree-vectorize;-fPIC;-fPIE;-fstack-protector-strong;-O2;-pipe;-isystem;/Users/dodo/anaconda3/include
Id flags: -c 

The output was:
0


Compilation of the C compiler identification source "CMakeCCompilerId.c" produced "CMakeCCompilerId.o"

The C compiler identification is Clang, found in "/Users/dodo/Downloads/Self_Driving_Car_ND/workspace/CMakeFiles/3.20.4/CompilerIdC/CMakeCCompilerId.o"

Compiling the CXX compiler identification source file "CMakeCXXCompilerId.cpp" succeeded.
Compiler: /Users/dodo/anaconda3/bin/x86_64-apple-darwin13.4.0-clang++ 
Build flags: -march=core2;-mtune=haswell;-mssse3;-ftree-vectorize;-fPIC;-fPIE;-fstack-protector-strong;-O2;-pipe;-stdlib=libc++;-fvisibility-inlines-hidden;-std=c++14;-fmessage-length=0;-isystem;/Users/dodo/anaconda3/include
Id flags: -c 

The output was:
0


Compilation of the CXX compiler identification source "CMakeCXXCompilerId.cpp" produced "CMakeCXXCompilerId.o"

The CXX compiler identification is Clang, found in "/Users/dodo/Downloads/Self_Driving_Car_ND/workspace/CMakeFiles/3.20.4/CompilerIdCXX/CMakeCXXCompilerId.o"

